{"C:\\Users\\ASUS\\OneDrive\\Documents\\_Hacktiv8\\Phase2\\W3D1\\IP-RMT59\\server\\controllers\\user.controller.js": {"path":"C:\\Users\\ASUS\\OneDrive\\Documents\\_Hacktiv8\\Phase2\\W3D1\\IP-RMT59\\server\\controllers\\user.controller.js","statementMap":{"0":{"start":{"line":1,"column":28},"end":{"line":1,"column":56}},"1":{"start":{"line":2,"column":26},"end":{"line":2,"column":51}},"2":{"start":{"line":3,"column":17},"end":{"line":3,"column":37}},"3":{"start":{"line":4,"column":25},"end":{"line":4,"column":55}},"4":{"start":{"line":8,"column":4},"end":{"line":44,"column":5}},"5":{"start":{"line":9,"column":24},"end":{"line":9,"column":32}},"6":{"start":{"line":11,"column":6},"end":{"line":13,"column":7}},"7":{"start":{"line":12,"column":8},"end":{"line":12,"column":75}},"8":{"start":{"line":15,"column":21},"end":{"line":15,"column":39}},"9":{"start":{"line":16,"column":21},"end":{"line":19,"column":8}},"10":{"start":{"line":21,"column":22},"end":{"line":21,"column":41}},"11":{"start":{"line":23,"column":38},"end":{"line":32,"column":8}},"12":{"start":{"line":34,"column":27},"end":{"line":34,"column":65}},"13":{"start":{"line":36,"column":6},"end":{"line":41,"column":9}},"14":{"start":{"line":43,"column":6},"end":{"line":43,"column":18}},"15":{"start":{"line":48,"column":4},"end":{"line":58,"column":5}},"16":{"start":{"line":49,"column":55},"end":{"line":49,"column":63}},"17":{"start":{"line":51,"column":19},"end":{"line":51,"column":78}},"18":{"start":{"line":53,"column":68},"end":{"line":53,"column":93}},"19":{"start":{"line":55,"column":6},"end":{"line":55,"column":40}},"20":{"start":{"line":57,"column":6},"end":{"line":57,"column":18}},"21":{"start":{"line":62,"column":4},"end":{"line":91,"column":5}},"22":{"start":{"line":63,"column":34},"end":{"line":63,"column":42}},"23":{"start":{"line":65,"column":6},"end":{"line":67,"column":7}},"24":{"start":{"line":66,"column":8},"end":{"line":66,"column":68}},"25":{"start":{"line":69,"column":6},"end":{"line":71,"column":7}},"26":{"start":{"line":70,"column":8},"end":{"line":70,"column":71}},"27":{"start":{"line":73,"column":19},"end":{"line":73,"column":59}},"28":{"start":{"line":75,"column":6},"end":{"line":77,"column":7}},"29":{"start":{"line":76,"column":8},"end":{"line":76,"column":82}},"30":{"start":{"line":79,"column":30},"end":{"line":79,"column":73}},"31":{"start":{"line":81,"column":6},"end":{"line":83,"column":7}},"32":{"start":{"line":82,"column":8},"end":{"line":82,"column":82}},"33":{"start":{"line":85,"column":27},"end":{"line":85,"column":60}},"34":{"start":{"line":86,"column":26},"end":{"line":86,"column":79}},"35":{"start":{"line":88,"column":6},"end":{"line":88,"column":143}},"36":{"start":{"line":90,"column":6},"end":{"line":90,"column":18}},"37":{"start":{"line":95,"column":0},"end":{"line":95,"column":32}},"38":{"start":{"line":102,"column":85},"end":{"line":102,"column":40306}},"39":{"start":{"line":102,"column":89},"end":{"line":102,"column":40295}}},"fnMap":{"0":{"name":"(anonymous_0)","decl":{"start":{"line":7,"column":2},"end":{"line":7,"column":3}},"loc":{"start":{"line":7,"column":43},"end":{"line":45,"column":3}},"line":7},"1":{"name":"(anonymous_1)","decl":{"start":{"line":47,"column":2},"end":{"line":47,"column":3}},"loc":{"start":{"line":47,"column":40},"end":{"line":59,"column":3}},"line":47},"2":{"name":"(anonymous_2)","decl":{"start":{"line":61,"column":2},"end":{"line":61,"column":3}},"loc":{"start":{"line":61,"column":37},"end":{"line":92,"column":3}},"line":61},"3":{"name":"oo_cm","decl":{"start":{"line":102,"column":77},"end":{"line":102,"column":82}},"loc":{"start":{"line":102,"column":84},"end":{"line":102,"column":40307}},"line":102}},"branchMap":{"0":{"loc":{"start":{"line":11,"column":6},"end":{"line":13,"column":7}},"type":"if","locations":[{"start":{"line":11,"column":6},"end":{"line":13,"column":7}},{"start":{},"end":{}}],"line":11},"1":{"loc":{"start":{"line":65,"column":6},"end":{"line":67,"column":7}},"type":"if","locations":[{"start":{"line":65,"column":6},"end":{"line":67,"column":7}},{"start":{},"end":{}}],"line":65},"2":{"loc":{"start":{"line":69,"column":6},"end":{"line":71,"column":7}},"type":"if","locations":[{"start":{"line":69,"column":6},"end":{"line":71,"column":7}},{"start":{},"end":{}}],"line":69},"3":{"loc":{"start":{"line":75,"column":6},"end":{"line":77,"column":7}},"type":"if","locations":[{"start":{"line":75,"column":6},"end":{"line":77,"column":7}},{"start":{},"end":{}}],"line":75},"4":{"loc":{"start":{"line":81,"column":6},"end":{"line":83,"column":7}},"type":"if","locations":[{"start":{"line":81,"column":6},"end":{"line":83,"column":7}},{"start":{},"end":{}}],"line":81},"5":{"loc":{"start":{"line":102,"column":96},"end":{"line":102,"column":40294}},"type":"binary-expr","locations":[{"start":{"line":102,"column":96},"end":{"line":102,"column":133}},{"start":{"line":102,"column":137},"end":{"line":102,"column":40294}}],"line":102}},"s":{"0":1,"1":1,"2":1,"3":1,"4":2,"5":2,"6":2,"7":0,"8":2,"9":2,"10":1,"11":1,"12":0,"13":0,"14":2,"15":2,"16":2,"17":2,"18":1,"19":1,"20":1,"21":3,"22":3,"23":3,"24":1,"25":2,"26":0,"27":2,"28":2,"29":1,"30":1,"31":1,"32":0,"33":1,"34":1,"35":1,"36":2,"37":1,"38":1,"39":1},"f":{"0":2,"1":2,"2":3,"3":1},"b":{"0":[0,2],"1":[1,2],"2":[0,2],"3":[1,1],"4":[0,1],"5":[1,1]},"_coverageSchema":"1a1c01bbd47fc00a2c39e90264f33305004495a9","hash":"60e480a2be3fa4f2ee5c2d5254cf6d294fd35acc"}
,"C:\\Users\\ASUS\\OneDrive\\Documents\\_Hacktiv8\\Phase2\\W3D1\\IP-RMT59\\server\\controllers\\userplaces.controller.js": {"path":"C:\\Users\\ASUS\\OneDrive\\Documents\\_Hacktiv8\\Phase2\\W3D1\\IP-RMT59\\server\\controllers\\userplaces.controller.js","statementMap":{"0":{"start":{"line":1,"column":29},"end":{"line":1,"column":49}},"1":{"start":{"line":5,"column":4},"end":{"line":40,"column":5}},"2":{"start":{"line":6,"column":39},"end":{"line":6,"column":47}},"3":{"start":{"line":8,"column":6},"end":{"line":10,"column":7}},"4":{"start":{"line":9,"column":8},"end":{"line":9,"column":87}},"5":{"start":{"line":12,"column":30},"end":{"line":30,"column":8}},"6":{"start":{"line":32,"column":34},"end":{"line":35,"column":8}},"7":{"start":{"line":37,"column":6},"end":{"line":37,"column":46}},"8":{"start":{"line":39,"column":6},"end":{"line":39,"column":18}},"9":{"start":{"line":44,"column":4},"end":{"line":61,"column":5}},"10":{"start":{"line":45,"column":25},"end":{"line":52,"column":8}},"11":{"start":{"line":54,"column":6},"end":{"line":56,"column":7}},"12":{"start":{"line":55,"column":8},"end":{"line":55,"column":77}},"13":{"start":{"line":58,"column":6},"end":{"line":58,"column":39}},"14":{"start":{"line":60,"column":6},"end":{"line":60,"column":18}},"15":{"start":{"line":65,"column":4},"end":{"line":88,"column":5}},"16":{"start":{"line":66,"column":21},"end":{"line":66,"column":31}},"17":{"start":{"line":67,"column":24},"end":{"line":67,"column":32}},"18":{"start":{"line":69,"column":6},"end":{"line":71,"column":7}},"19":{"start":{"line":70,"column":8},"end":{"line":70,"column":69}},"20":{"start":{"line":73,"column":47},"end":{"line":79,"column":7}},"21":{"start":{"line":81,"column":6},"end":{"line":83,"column":7}},"22":{"start":{"line":82,"column":8},"end":{"line":82,"column":69}},"23":{"start":{"line":85,"column":6},"end":{"line":85,"column":49}},"24":{"start":{"line":87,"column":6},"end":{"line":87,"column":18}},"25":{"start":{"line":92,"column":4},"end":{"line":106,"column":5}},"26":{"start":{"line":93,"column":21},"end":{"line":93,"column":31}},"27":{"start":{"line":95,"column":26},"end":{"line":97,"column":8}},"28":{"start":{"line":99,"column":6},"end":{"line":101,"column":7}},"29":{"start":{"line":100,"column":8},"end":{"line":100,"column":69}},"30":{"start":{"line":103,"column":6},"end":{"line":103,"column":82}},"31":{"start":{"line":105,"column":6},"end":{"line":105,"column":18}},"32":{"start":{"line":110,"column":0},"end":{"line":110,"column":38}}},"fnMap":{"0":{"name":"(anonymous_0)","decl":{"start":{"line":4,"column":2},"end":{"line":4,"column":3}},"loc":{"start":{"line":4,"column":47},"end":{"line":41,"column":3}},"line":4},"1":{"name":"(anonymous_1)","decl":{"start":{"line":43,"column":2},"end":{"line":43,"column":3}},"loc":{"start":{"line":43,"column":46},"end":{"line":62,"column":3}},"line":43},"2":{"name":"(anonymous_2)","decl":{"start":{"line":64,"column":2},"end":{"line":64,"column":3}},"loc":{"start":{"line":64,"column":47},"end":{"line":89,"column":3}},"line":64},"3":{"name":"(anonymous_3)","decl":{"start":{"line":91,"column":2},"end":{"line":91,"column":3}},"loc":{"start":{"line":91,"column":47},"end":{"line":107,"column":3}},"line":91}},"branchMap":{"0":{"loc":{"start":{"line":8,"column":6},"end":{"line":10,"column":7}},"type":"if","locations":[{"start":{"line":8,"column":6},"end":{"line":10,"column":7}},{"start":{},"end":{}}],"line":8},"1":{"loc":{"start":{"line":8,"column":10},"end":{"line":8,"column":34}},"type":"binary-expr","locations":[{"start":{"line":8,"column":10},"end":{"line":8,"column":21}},{"start":{"line":8,"column":25},"end":{"line":8,"column":34}}],"line":8},"2":{"loc":{"start":{"line":54,"column":6},"end":{"line":56,"column":7}},"type":"if","locations":[{"start":{"line":54,"column":6},"end":{"line":56,"column":7}},{"start":{},"end":{}}],"line":54},"3":{"loc":{"start":{"line":54,"column":10},"end":{"line":54,"column":48}},"type":"binary-expr","locations":[{"start":{"line":54,"column":10},"end":{"line":54,"column":21}},{"start":{"line":54,"column":25},"end":{"line":54,"column":48}}],"line":54},"4":{"loc":{"start":{"line":69,"column":6},"end":{"line":71,"column":7}},"type":"if","locations":[{"start":{"line":69,"column":6},"end":{"line":71,"column":7}},{"start":{},"end":{}}],"line":69},"5":{"loc":{"start":{"line":81,"column":6},"end":{"line":83,"column":7}},"type":"if","locations":[{"start":{"line":81,"column":6},"end":{"line":83,"column":7}},{"start":{},"end":{}}],"line":81},"6":{"loc":{"start":{"line":99,"column":6},"end":{"line":101,"column":7}},"type":"if","locations":[{"start":{"line":99,"column":6},"end":{"line":101,"column":7}},{"start":{},"end":{}}],"line":99}},"s":{"0":1,"1":2,"2":2,"3":2,"4":1,"5":1,"6":1,"7":1,"8":1,"9":2,"10":2,"11":1,"12":0,"13":1,"14":1,"15":2,"16":2,"17":2,"18":2,"19":1,"20":1,"21":1,"22":0,"23":1,"24":1,"25":2,"26":2,"27":2,"28":1,"29":0,"30":1,"31":1,"32":1},"f":{"0":2,"1":2,"2":2,"3":2},"b":{"0":[1,1],"1":[2,1],"2":[0,1],"3":[1,1],"4":[1,1],"5":[0,1],"6":[0,1]},"_coverageSchema":"1a1c01bbd47fc00a2c39e90264f33305004495a9","hash":"e269ad5e6ad5e5d52394418771b2098978564b83"}
,"C:\\Users\\ASUS\\OneDrive\\Documents\\_Hacktiv8\\Phase2\\W3D1\\IP-RMT59\\server\\helpers\\bcrypt.js": {"path":"C:\\Users\\ASUS\\OneDrive\\Documents\\_Hacktiv8\\Phase2\\W3D1\\IP-RMT59\\server\\helpers\\bcrypt.js","statementMap":{"0":{"start":{"line":1,"column":15},"end":{"line":1,"column":32}},"1":{"start":{"line":4,"column":2},"end":{"line":6,"column":3}},"2":{"start":{"line":5,"column":4},"end":{"line":5,"column":58}},"3":{"start":{"line":7,"column":15},"end":{"line":7,"column":37}},"4":{"start":{"line":8,"column":2},"end":{"line":8,"column":41}},"5":{"start":{"line":11,"column":24},"end":{"line":19,"column":1}},"6":{"start":{"line":12,"column":2},"end":{"line":14,"column":3}},"7":{"start":{"line":13,"column":4},"end":{"line":13,"column":62}},"8":{"start":{"line":15,"column":2},"end":{"line":17,"column":3}},"9":{"start":{"line":16,"column":4},"end":{"line":16,"column":58}},"10":{"start":{"line":18,"column":2},"end":{"line":18,"column":44}},"11":{"start":{"line":21,"column":0},"end":{"line":24,"column":2}}},"fnMap":{"0":{"name":"hashPassword","decl":{"start":{"line":3,"column":9},"end":{"line":3,"column":21}},"loc":{"start":{"line":3,"column":32},"end":{"line":9,"column":1}},"line":3},"1":{"name":"(anonymous_1)","decl":{"start":{"line":11,"column":24},"end":{"line":11,"column":25}},"loc":{"start":{"line":11,"column":44},"end":{"line":19,"column":1}},"line":11}},"branchMap":{"0":{"loc":{"start":{"line":4,"column":2},"end":{"line":6,"column":3}},"type":"if","locations":[{"start":{"line":4,"column":2},"end":{"line":6,"column":3}},{"start":{},"end":{}}],"line":4},"1":{"loc":{"start":{"line":12,"column":2},"end":{"line":14,"column":3}},"type":"if","locations":[{"start":{"line":12,"column":2},"end":{"line":14,"column":3}},{"start":{},"end":{}}],"line":12},"2":{"loc":{"start":{"line":15,"column":2},"end":{"line":17,"column":3}},"type":"if","locations":[{"start":{"line":15,"column":2},"end":{"line":17,"column":3}},{"start":{},"end":{}}],"line":15}},"s":{"0":3,"1":4,"2":3,"3":1,"4":1,"5":3,"6":6,"7":2,"8":4,"9":2,"10":2,"11":3},"f":{"0":4,"1":6},"b":{"0":[3,1],"1":[2,4],"2":[2,2]},"_coverageSchema":"1a1c01bbd47fc00a2c39e90264f33305004495a9","hash":"5303e927ba55e9368aeca150ab4e3f02b046d407"}
,"C:\\Users\\ASUS\\OneDrive\\Documents\\_Hacktiv8\\Phase2\\W3D1\\IP-RMT59\\server\\helpers\\jwt.js": {"path":"C:\\Users\\ASUS\\OneDrive\\Documents\\_Hacktiv8\\Phase2\\W3D1\\IP-RMT59\\server\\helpers\\jwt.js","statementMap":{"0":{"start":{"line":1,"column":12},"end":{"line":1,"column":35}},"1":{"start":{"line":3,"column":22},"end":{"line":5,"column":1}},"2":{"start":{"line":4,"column":2},"end":{"line":4,"column":51}},"3":{"start":{"line":7,"column":20},"end":{"line":9,"column":1}},"4":{"start":{"line":8,"column":2},"end":{"line":8,"column":51}},"5":{"start":{"line":11,"column":0},"end":{"line":14,"column":1}}},"fnMap":{"0":{"name":"(anonymous_0)","decl":{"start":{"line":3,"column":22},"end":{"line":3,"column":23}},"loc":{"start":{"line":3,"column":35},"end":{"line":5,"column":1}},"line":3},"1":{"name":"(anonymous_1)","decl":{"start":{"line":7,"column":20},"end":{"line":7,"column":21}},"loc":{"start":{"line":7,"column":31},"end":{"line":9,"column":1}},"line":7}},"branchMap":{},"s":{"0":2,"1":2,"2":1,"3":2,"4":4,"5":2},"f":{"0":1,"1":4},"b":{},"_coverageSchema":"1a1c01bbd47fc00a2c39e90264f33305004495a9","hash":"37ea4e9ab999bc00452f5143ad129d02c2941f8a"}
,"C:\\Users\\ASUS\\OneDrive\\Documents\\_Hacktiv8\\Phase2\\W3D1\\IP-RMT59\\server\\models\\index.js": {"path":"C:\\Users\\ASUS\\OneDrive\\Documents\\_Hacktiv8\\Phase2\\W3D1\\IP-RMT59\\server\\models\\index.js","statementMap":{"0":{"start":{"line":3,"column":11},"end":{"line":3,"column":24}},"1":{"start":{"line":4,"column":13},"end":{"line":4,"column":28}},"2":{"start":{"line":5,"column":18},"end":{"line":5,"column":38}},"3":{"start":{"line":6,"column":16},"end":{"line":6,"column":34}},"4":{"start":{"line":7,"column":17},"end":{"line":7,"column":42}},"5":{"start":{"line":8,"column":12},"end":{"line":8,"column":49}},"6":{"start":{"line":9,"column":15},"end":{"line":9,"column":65}},"7":{"start":{"line":10,"column":11},"end":{"line":10,"column":13}},"8":{"start":{"line":13,"column":0},"end":{"line":17,"column":1}},"9":{"start":{"line":14,"column":2},"end":{"line":14,"column":74}},"10":{"start":{"line":16,"column":2},"end":{"line":16,"column":87}},"11":{"start":{"line":19,"column":0},"end":{"line":32,"column":5}},"12":{"start":{"line":22,"column":4},"end":{"line":27,"column":6}},"13":{"start":{"line":30,"column":18},"end":{"line":30,"column":85}},"14":{"start":{"line":31,"column":4},"end":{"line":31,"column":27}},"15":{"start":{"line":34,"column":0},"end":{"line":38,"column":3}},"16":{"start":{"line":35,"column":2},"end":{"line":37,"column":3}},"17":{"start":{"line":36,"column":4},"end":{"line":36,"column":32}},"18":{"start":{"line":40,"column":0},"end":{"line":40,"column":25}},"19":{"start":{"line":41,"column":0},"end":{"line":41,"column":25}},"20":{"start":{"line":43,"column":0},"end":{"line":43,"column":20}}},"fnMap":{"0":{"name":"(anonymous_0)","decl":{"start":{"line":21,"column":10},"end":{"line":21,"column":11}},"loc":{"start":{"line":21,"column":18},"end":{"line":28,"column":3}},"line":21},"1":{"name":"(anonymous_1)","decl":{"start":{"line":29,"column":11},"end":{"line":29,"column":12}},"loc":{"start":{"line":29,"column":19},"end":{"line":32,"column":3}},"line":29},"2":{"name":"(anonymous_2)","decl":{"start":{"line":34,"column":24},"end":{"line":34,"column":25}},"loc":{"start":{"line":34,"column":37},"end":{"line":38,"column":1}},"line":34}},"branchMap":{"0":{"loc":{"start":{"line":8,"column":12},"end":{"line":8,"column":49}},"type":"binary-expr","locations":[{"start":{"line":8,"column":12},"end":{"line":8,"column":32}},{"start":{"line":8,"column":36},"end":{"line":8,"column":49}}],"line":8},"1":{"loc":{"start":{"line":13,"column":0},"end":{"line":17,"column":1}},"type":"if","locations":[{"start":{"line":13,"column":0},"end":{"line":17,"column":1}},{"start":{"line":15,"column":7},"end":{"line":17,"column":1}}],"line":13},"2":{"loc":{"start":{"line":23,"column":6},"end":{"line":26,"column":37}},"type":"binary-expr","locations":[{"start":{"line":23,"column":6},"end":{"line":23,"column":29}},{"start":{"line":24,"column":6},"end":{"line":24,"column":23}},{"start":{"line":25,"column":6},"end":{"line":25,"column":30}},{"start":{"line":26,"column":6},"end":{"line":26,"column":37}}],"line":23},"3":{"loc":{"start":{"line":35,"column":2},"end":{"line":37,"column":3}},"type":"if","locations":[{"start":{"line":35,"column":2},"end":{"line":37,"column":3}},{"start":{},"end":{}}],"line":35}},"s":{"0":2,"1":2,"2":2,"3":2,"4":2,"5":2,"6":2,"7":2,"8":2,"9":0,"10":2,"11":2,"12":8,"13":6,"14":6,"15":2,"16":6,"17":6,"18":2,"19":2,"20":2},"f":{"0":8,"1":6,"2":6},"b":{"0":[2,0],"1":[0,2],"2":[8,8,6,6],"3":[6,0]},"_coverageSchema":"1a1c01bbd47fc00a2c39e90264f33305004495a9","hash":"f4fdc81ebc0631dbb0f3084919084de8ef0f8802"}
,"C:\\Users\\ASUS\\OneDrive\\Documents\\_Hacktiv8\\Phase2\\W3D1\\IP-RMT59\\server\\models\\place.js": {"path":"C:\\Users\\ASUS\\OneDrive\\Documents\\_Hacktiv8\\Phase2\\W3D1\\IP-RMT59\\server\\models\\place.js","statementMap":{"0":{"start":{"line":4,"column":4},"end":{"line":4,"column":24}},"1":{"start":{"line":5,"column":0},"end":{"line":41,"column":2}},"2":{"start":{"line":14,"column":6},"end":{"line":14,"column":38}},"3":{"start":{"line":17,"column":2},"end":{"line":34,"column":5}},"4":{"start":{"line":36,"column":2},"end":{"line":38,"column":4}},"5":{"start":{"line":37,"column":4},"end":{"line":37,"column":30}},"6":{"start":{"line":40,"column":2},"end":{"line":40,"column":15}}},"fnMap":{"0":{"name":"(anonymous_0)","decl":{"start":{"line":5,"column":17},"end":{"line":5,"column":18}},"loc":{"start":{"line":5,"column":43},"end":{"line":41,"column":1}},"line":5},"1":{"name":"(anonymous_1)","decl":{"start":{"line":12,"column":4},"end":{"line":12,"column":5}},"loc":{"start":{"line":12,"column":29},"end":{"line":15,"column":5}},"line":12},"2":{"name":"(anonymous_2)","decl":{"start":{"line":36,"column":21},"end":{"line":36,"column":22}},"loc":{"start":{"line":36,"column":41},"end":{"line":38,"column":3}},"line":36}},"branchMap":{},"s":{"0":2,"1":2,"2":2,"3":2,"4":2,"5":0,"6":2},"f":{"0":2,"1":2,"2":0},"b":{},"_coverageSchema":"1a1c01bbd47fc00a2c39e90264f33305004495a9","hash":"528c42c25810fd4d29de0ad6fede6c02d22ae2d7"}
,"C:\\Users\\ASUS\\OneDrive\\Documents\\_Hacktiv8\\Phase2\\W3D1\\IP-RMT59\\server\\models\\user.js": {"path":"C:\\Users\\ASUS\\OneDrive\\Documents\\_Hacktiv8\\Phase2\\W3D1\\IP-RMT59\\server\\models\\user.js","statementMap":{"0":{"start":{"line":4,"column":4},"end":{"line":4,"column":24}},"1":{"start":{"line":5,"column":25},"end":{"line":5,"column":53}},"2":{"start":{"line":6,"column":0},"end":{"line":86,"column":2}},"3":{"start":{"line":15,"column":6},"end":{"line":15,"column":37}},"4":{"start":{"line":18,"column":2},"end":{"line":79,"column":5}},"5":{"start":{"line":81,"column":2},"end":{"line":83,"column":5}},"6":{"start":{"line":82,"column":4},"end":{"line":82,"column":54}},"7":{"start":{"line":85,"column":2},"end":{"line":85,"column":14}}},"fnMap":{"0":{"name":"(anonymous_0)","decl":{"start":{"line":6,"column":17},"end":{"line":6,"column":18}},"loc":{"start":{"line":6,"column":43},"end":{"line":86,"column":1}},"line":6},"1":{"name":"(anonymous_1)","decl":{"start":{"line":13,"column":4},"end":{"line":13,"column":5}},"loc":{"start":{"line":13,"column":29},"end":{"line":16,"column":5}},"line":13},"2":{"name":"(anonymous_2)","decl":{"start":{"line":81,"column":20},"end":{"line":81,"column":21}},"loc":{"start":{"line":81,"column":39},"end":{"line":83,"column":3}},"line":81}},"branchMap":{},"s":{"0":2,"1":2,"2":2,"3":2,"4":2,"5":2,"6":0,"7":2},"f":{"0":2,"1":2,"2":0},"b":{},"_coverageSchema":"1a1c01bbd47fc00a2c39e90264f33305004495a9","hash":"66c24e64fe85cf0479576d4f679fe1cd84fb0ce1"}
,"C:\\Users\\ASUS\\OneDrive\\Documents\\_Hacktiv8\\Phase2\\W3D1\\IP-RMT59\\server\\models\\userplace.js": {"path":"C:\\Users\\ASUS\\OneDrive\\Documents\\_Hacktiv8\\Phase2\\W3D1\\IP-RMT59\\server\\models\\userplace.js","statementMap":{"0":{"start":{"line":4,"column":4},"end":{"line":4,"column":24}},"1":{"start":{"line":5,"column":0},"end":{"line":33,"column":2}},"2":{"start":{"line":14,"column":6},"end":{"line":14,"column":39}},"3":{"start":{"line":15,"column":6},"end":{"line":15,"column":40}},"4":{"start":{"line":18,"column":2},"end":{"line":31,"column":5}},"5":{"start":{"line":32,"column":2},"end":{"line":32,"column":19}}},"fnMap":{"0":{"name":"(anonymous_0)","decl":{"start":{"line":5,"column":17},"end":{"line":5,"column":18}},"loc":{"start":{"line":5,"column":43},"end":{"line":33,"column":1}},"line":5},"1":{"name":"(anonymous_1)","decl":{"start":{"line":12,"column":4},"end":{"line":12,"column":5}},"loc":{"start":{"line":12,"column":29},"end":{"line":16,"column":5}},"line":12}},"branchMap":{},"s":{"0":2,"1":2,"2":2,"3":2,"4":2,"5":2},"f":{"0":2,"1":2},"b":{},"_coverageSchema":"1a1c01bbd47fc00a2c39e90264f33305004495a9","hash":"e738370e63a652816cddc4daa58999311a26ce26"}
}
