TN:
SF:controllers\user.controller.js
FN:7,(anonymous_0)
FN:47,(anonymous_1)
FN:61,(anonymous_2)
FN:102,oo_cm
FNF:4
FNH:4
FNDA:2,(anonymous_0)
FNDA:2,(anonymous_1)
FNDA:3,(anonymous_2)
FNDA:1,oo_cm
DA:1,1
DA:2,1
DA:3,1
DA:4,1
DA:8,2
DA:9,2
DA:11,2
DA:12,0
DA:15,2
DA:16,2
DA:21,1
DA:23,1
DA:34,0
DA:36,0
DA:43,2
DA:48,2
DA:49,2
DA:51,2
DA:53,1
DA:55,1
DA:57,1
DA:62,3
DA:63,3
DA:65,3
DA:66,1
DA:69,2
DA:70,0
DA:73,2
DA:75,2
DA:76,1
DA:79,1
DA:81,1
DA:82,0
DA:85,1
DA:86,1
DA:88,1
DA:90,2
DA:95,1
DA:102,1
LF:39
LH:34
BRDA:11,0,0,0
BRDA:11,0,1,2
BRDA:65,1,0,1
BRDA:65,1,1,2
BRDA:69,2,0,0
BRDA:69,2,1,2
BRDA:75,3,0,1
BRDA:75,3,1,1
BRDA:81,4,0,0
BRDA:81,4,1,1
BRDA:102,5,0,1
BRDA:102,5,1,1
BRF:12
BRH:9
end_of_record
TN:
SF:controllers\userplaces.controller.js
FN:4,(anonymous_0)
FN:43,(anonymous_1)
FN:64,(anonymous_2)
FN:91,(anonymous_3)
FNF:4
FNH:4
FNDA:2,(anonymous_0)
FNDA:2,(anonymous_1)
FNDA:2,(anonymous_2)
FNDA:2,(anonymous_3)
DA:1,1
DA:5,2
DA:6,2
DA:8,2
DA:9,1
DA:12,1
DA:32,1
DA:37,1
DA:39,1
DA:44,2
DA:45,2
DA:54,1
DA:55,0
DA:58,1
DA:60,1
DA:65,2
DA:66,2
DA:67,2
DA:69,2
DA:70,1
DA:73,1
DA:81,1
DA:82,0
DA:85,1
DA:87,1
DA:92,2
DA:93,2
DA:95,2
DA:99,1
DA:100,0
DA:103,1
DA:105,1
DA:110,1
LF:33
LH:30
BRDA:8,0,0,1
BRDA:8,0,1,1
BRDA:8,1,0,2
BRDA:8,1,1,1
BRDA:54,2,0,0
BRDA:54,2,1,1
BRDA:54,3,0,1
BRDA:54,3,1,1
BRDA:69,4,0,1
BRDA:69,4,1,1
BRDA:81,5,0,0
BRDA:81,5,1,1
BRDA:99,6,0,0
BRDA:99,6,1,1
BRF:14
BRH:11
end_of_record
TN:
SF:helpers\bcrypt.js
FN:3,hashPassword
FN:11,(anonymous_1)
FNF:2
FNH:2
FNDA:4,hashPassword
FNDA:6,(anonymous_1)
DA:1,3
DA:4,4
DA:5,3
DA:7,1
DA:8,1
DA:11,3
DA:12,6
DA:13,2
DA:15,4
DA:16,2
DA:18,2
DA:21,3
LF:12
LH:12
BRDA:4,0,0,3
BRDA:4,0,1,1
BRDA:12,1,0,2
BRDA:12,1,1,4
BRDA:15,2,0,2
BRDA:15,2,1,2
BRF:6
BRH:6
end_of_record
TN:
SF:helpers\jwt.js
FN:3,(anonymous_0)
FN:7,(anonymous_1)
FNF:2
FNH:2
FNDA:1,(anonymous_0)
FNDA:4,(anonymous_1)
DA:1,2
DA:3,2
DA:4,1
DA:7,2
DA:8,4
DA:11,2
LF:6
LH:6
BRF:0
BRH:0
end_of_record
TN:
SF:models\index.js
FN:21,(anonymous_0)
FN:29,(anonymous_1)
FN:34,(anonymous_2)
FNF:3
FNH:3
FNDA:8,(anonymous_0)
FNDA:6,(anonymous_1)
FNDA:6,(anonymous_2)
DA:3,2
DA:4,2
DA:5,2
DA:6,2
DA:7,2
DA:8,2
DA:9,2
DA:10,2
DA:13,2
DA:14,0
DA:16,2
DA:19,2
DA:22,8
DA:30,6
DA:31,6
DA:34,2
DA:35,6
DA:36,6
DA:40,2
DA:41,2
DA:43,2
LF:21
LH:20
BRDA:8,0,0,2
BRDA:8,0,1,0
BRDA:13,1,0,0
BRDA:13,1,1,2
BRDA:23,2,0,8
BRDA:23,2,1,8
BRDA:23,2,2,6
BRDA:23,2,3,6
BRDA:35,3,0,6
BRDA:35,3,1,0
BRF:10
BRH:7
end_of_record
TN:
SF:models\place.js
FN:5,(anonymous_0)
FN:12,(anonymous_1)
FN:36,(anonymous_2)
FNF:3
FNH:2
FNDA:2,(anonymous_0)
FNDA:2,(anonymous_1)
FNDA:0,(anonymous_2)
DA:4,2
DA:5,2
DA:14,2
DA:17,2
DA:36,2
DA:37,0
DA:40,2
LF:7
LH:6
BRF:0
BRH:0
end_of_record
TN:
SF:models\user.js
FN:6,(anonymous_0)
FN:13,(anonymous_1)
FN:81,(anonymous_2)
FNF:3
FNH:2
FNDA:2,(anonymous_0)
FNDA:2,(anonymous_1)
FNDA:0,(anonymous_2)
DA:4,2
DA:5,2
DA:6,2
DA:15,2
DA:18,2
DA:81,2
DA:82,0
DA:85,2
LF:8
LH:7
BRF:0
BRH:0
end_of_record
TN:
SF:models\userplace.js
FN:5,(anonymous_0)
FN:12,(anonymous_1)
FNF:2
FNH:2
FNDA:2,(anonymous_0)
FNDA:2,(anonymous_1)
DA:4,2
DA:5,2
DA:14,2
DA:15,2
DA:18,2
DA:32,2
LF:6
LH:6
BRF:0
BRH:0
end_of_record
